.IFJcode21
JUMP $$main

LABEL $$main
CREATEFRAME
PUSHFRAME
DEFVAR LF@a
DEFVAR LF@var0
MOVE LF@var0 int@5
DEFVAR LF@var1
MOVE LF@var1 int@6
DEFVAR LF@var2
MUL LF@var2 LF@var0 LF@var1
DEFVAR LF@var3
MOVE LF@var3 int@4
DEFVAR LF@var4
MOVE LF@var4 int@7
DEFVAR LF@var5
MUL LF@var5 LF@var3 LF@var4
DEFVAR LF@var6
ADD LF@var6 LF@var2 LF@var5
DEFVAR LF@var7
MOVE LF@var7 int@1
DEFVAR LF@var8
MOVE LF@var8 int@3
DEFVAR LF@var9
MUL LF@var9 LF@var7 LF@var8
DEFVAR LF@var10
MOVE LF@var10 int@2
DEFVAR LF@var11
MOVE LF@var11 int@12
DEFVAR LF@var12
ADD LF@var12 LF@var10 LF@var11
DEFVAR LF@var13
MUL LF@var13 LF@var9 LF@var12
DEFVAR LF@var14
SUB LF@var14 LF@var6 LF@var13
DEFVAR LF@var15
MOVE LF@var15 int@43
DEFVAR LF@var16
ADD LF@var16 LF@var14 LF@var15
MOVE LF@a LF@var16
DEFVAR LF@var17
MOVE LF@var17 string@\010
WRITE LF@a
WRITE LF@var17
# end of main body
